<?xml version="1.0" encoding="UTF-8"?>
<!-- Generated by org.testng.reporters.JUnitReportReporter -->
<testsuite hostname="DESKTOP-QG28UPL" failures="0" tests="1" name="facebookBase.LoginTestWithMultipleBrowser" time="6.613" errors="0" timestamp="2024-08-11T11:56:28 EDT" skipped="0">
  <testcase classname="facebookBase.LoginTestWithMultipleBrowser" name="loginTest" time="6.613"/>
  <system-out/>
</testsuite> <!-- facebookBase.LoginTestWithMultipleBrowser -->
